<?xml version="1.0" encoding="UTF-8"?>
<testsuite name="com.andreamonacelli.exercises.strings.RemoveFirstTwoCharsIfTest" tests="1" skipped="0" failures="0" errors="0" timestamp="2023-03-10T15:27:50" hostname="MONAC-LAPTOP" time="0.028">
  <properties/>
  <testcase name="removeFirstTwoCharsIf()" classname="com.andreamonacelli.exercises.strings.RemoveFirstTwoCharsIfTest" time="0.028"/>
  <system-out><![CDATA[]]></system-out>
  <system-err><![CDATA[]]></system-err>
</testsuite>
